#
# A fatal error has been detected by the Java Runtime Environment:
#
#  EXCEPTION_ACCESS_VIOLATION (0xc0000005) at pc=0x0000000077aca9a7, pid=16252, tid=14536
#
# JRE version: Java(TM) SE Runtime Environment (10.0.1+10) (build 10.0.1+10)
# Java VM: Java HotSpot(TM) 64-Bit Server VM (10.0.1+10, mixed mode, tiered, compressed oops, g1 gc, windows-amd64)
# Problematic frame:
# V  [jvm.dll+0x53a9a7]
#
# No core dump will be written. Minidumps are not enabled by default on client versions of Windows
#
# If you would like to submit a bug report, please visit:
#   http://bugreport.java.com/bugreport/crash.jsp
#

---------------  S U M M A R Y ------------

Command Line: -Dfile.encoding=Cp1252 application.Main

Host: Intel(R) Core(TM) i7-8550U CPU @ 1.80GHz, 8 cores, 7G,  Windows 10 , 64 bit Build 17134 (10.0.17134.1)
Time: Mon Jan 28 12:51:05 2019 Malay Peninsula Standard Time elapsed time: 54 seconds (0d 0h 0m 54s)

---------------  T H R E A D  ---------------

Current thread (0x0000011ec8db1800):  JavaThread "C2 CompilerThread2" daemon [_thread_in_native, id=14536, stack(0x0000000db4e00000,0x0000000db4f00000)]


Current CompileTask:
C2:  54806 6547   !   4       org.mapdb.Volume$FileChannelVol::putLong (38 bytes)

Stack: [0x0000000db4e00000,0x0000000db4f00000],  sp=0x0000000db4efbab0,  free space=1006k
Native frames: (J=compiled Java code, j=interpreted, Vv=VM code, C=native code)
V  [jvm.dll+0x53a9a7]
V  [jvm.dll+0x53b829]
V  [jvm.dll+0x53a44d]
V  [jvm.dll+0x1ffc92]
V  [jvm.dll+0x1ff066]
V  [jvm.dll+0x17ca6b]
V  [jvm.dll+0x20c81d]
V  [jvm.dll+0x20b5e6]
V  [jvm.dll+0x68bb6f]
V  [jvm.dll+0x59f680]
C  [msvcr120.dll+0x24f7f]
C  [msvcr120.dll+0x25126]
C  [KERNEL32.DLL+0x13034]
C  [ntdll.dll+0x73691]


siginfo: EXCEPTION_ACCESS_VIOLATION (0xc0000005), writing address 0x0000000000000050


Register to memory mapping:

RIP=0x0000000077aca9a7 jvm.dll
RAX=0x0000000000000000 is an unknown value
RBX=0x0000000000000005 is an unknown value
RCX=0x0000011ec9121398 is an unknown value
RDX=0x0000000000000000 is an unknown value
RSP=0x0000000db4efbab0 is pointing into the stack for thread: 0x0000011ec8db1800
RBP=0x0000000000000000 is an unknown value
RSI=0xfffffffffffffff8 is an unknown value
RDI=0x0000000000000000 is an unknown value
R8 =0x0000000000000071 is an unknown value
R9 =0x0000011ec8f68b34 is an unknown value
R10=0x0000000000000071 is an unknown value
R11=
[error occurred during error reporting (printing register info), id 0xc0000005]

Registers:
RAX=0x0000000000000000, RBX=0x0000000000000005, RCX=0x0000011ec9121398, RDX=0x0000000000000000
RSP=0x0000000db4efbab0, RBP=0x0000000000000000, RSI=0xfffffffffffffff8, RDI=0x0000000000000000
R8 =0x0000000000000071, R9 =0x0000011ec8f68b34, R10=0x0000000000000071, R11=0x00000000ffffffff
R12=0x0000000000000000, R13=0x0000000db4efbfa0, R14=0x0000011ec9121398, R15=0x0000000000000000
RIP=0x0000000077aca9a7, EFLAGS=0x0000000000010246

Top of Stack: (sp=0x0000000db4efbab0)
0x0000000db4efbab0:   0000000000000001 00000000000027d8
0x0000000db4efbac0:   0000011ec8f68950 0000011ec8f6a098
0x0000000db4efbad0:   0000011ed4a617b0 0000000077acb198
0x0000000db4efbae0:   0000011ed4a617b0 0000000000000000
0x0000000db4efbaf0:   0000000000000000 0000000000000000
0x0000000db4efbb00:   0000000000000000 0000011ed059e7e8
0x0000000db4efbb10:   0000011ed3992710 fffffffffffffff8
0x0000000db4efbb20:   0000000000000002 0000011ec9121398
0x0000000db4efbb30:   0000000db4efbfa0 0000000000000000
0x0000000db4efbb40:   0000000000000000 0000000db4efbba8
0x0000000db4efbb50:   0000011ec9121398 0000000077acb829
0x0000000db4efbb60:   0000000db4efbfa0 0000011ec9121398
0x0000000db4efbb70:   0000011e00000005 0000011ec8f6a098
0x0000000db4efbb80:   0000011ed4d227d0 0000011ed4d50ea0
0x0000000db4efbb90:   0000011ed4d1dea0 0000011ec83a2890
0x0000000db4efbba0:   00000000000001b8 0000011ed4a637c8 

Instructions: (pc=0x0000000077aca9a7)
0x0000000077aca987:   b3 05 00 00 bb 05 00 00 00 89 9c 24 c0 00 00 00
0x0000000077aca997:   49 8b 06 49 8b ce 48 89 74 24 68 ff 50 30 33 d2
0x0000000077aca9a7:   49 89 47 50 8b c3 48 6b d8 58 48 8b cb e8 d7 f4
0x0000000077aca9b7:   0b 00 4c 8b c3 33 d2 48 8b c8 49 89 47 40 e8 4c 



---------------  P R O C E S S  ---------------

Threads class SMR info:
_java_thread_list=0x0000011ed30b3c80, length=20, elements={
0x0000011eaa331000, 0x0000011ec8357000, 0x0000011ec8396000, 0x0000011ec83a1000,
0x0000011ec83a3000, 0x0000011ec83a7800, 0x0000011ec83aa800, 0x0000011ec8db1800,
0x0000011ec8dba000, 0x0000011ec8dc3000, 0x0000011ec8f6f000, 0x0000011ec8f78800,
0x0000011ec92a7800, 0x0000011ec92c9800, 0x0000011ec92ca800, 0x0000011ec946d800,
0x0000011ec9571000, 0x0000011ed0573800, 0x0000011ed060f000, 0x0000011ed2ca8800
}

Java Threads: ( => current thread )
  0x0000011eaa331000 JavaThread "main" [_thread_blocked, id=12152, stack(0x0000000db3200000,0x0000000db3300000)]
  0x0000011ec8357000 JavaThread "Reference Handler" daemon [_thread_blocked, id=14260, stack(0x0000000db4800000,0x0000000db4900000)]
  0x0000011ec8396000 JavaThread "Finalizer" daemon [_thread_blocked, id=16712, stack(0x0000000db4900000,0x0000000db4a00000)]
  0x0000011ec83a1000 JavaThread "Signal Dispatcher" daemon [_thread_blocked, id=760, stack(0x0000000db4a00000,0x0000000db4b00000)]
  0x0000011ec83a3000 JavaThread "Attach Listener" daemon [_thread_blocked, id=6996, stack(0x0000000db4b00000,0x0000000db4c00000)]
  0x0000011ec83a7800 JavaThread "C2 CompilerThread0" daemon [_thread_blocked, id=12036, stack(0x0000000db4c00000,0x0000000db4d00000)]
  0x0000011ec83aa800 JavaThread "C2 CompilerThread1" daemon [_thread_blocked, id=432, stack(0x0000000db4d00000,0x0000000db4e00000)]
=>0x0000011ec8db1800 JavaThread "C2 CompilerThread2" daemon [_thread_in_native, id=14536, stack(0x0000000db4e00000,0x0000000db4f00000)]
  0x0000011ec8dba000 JavaThread "C1 CompilerThread3" daemon [_thread_blocked, id=17192, stack(0x0000000db4f00000,0x0000000db5000000)]
  0x0000011ec8dc3000 JavaThread "Sweeper thread" daemon [_thread_blocked, id=16196, stack(0x0000000db5000000,0x0000000db5100000)]
  0x0000011ec8f6f000 JavaThread "Service Thread" daemon [_thread_blocked, id=13776, stack(0x0000000db5100000,0x0000000db5200000)]
  0x0000011ec8f78800 JavaThread "Common-Cleaner" daemon [_thread_blocked, id=1928, stack(0x0000000db5200000,0x0000000db5300000)]
  0x0000011ec92a7800 JavaThread "QuantumRenderer-0" daemon [_thread_blocked, id=5624, stack(0x0000000db5400000,0x0000000db5500000)]
  0x0000011ec92c9800 JavaThread "InvokeLaterDispatcher" daemon [_thread_blocked, id=1248, stack(0x0000000db5500000,0x0000000db5600000)]
  0x0000011ec92ca800 JavaThread "JavaFX Application Thread" [_thread_in_native, id=8508, stack(0x0000000db5600000,0x0000000db5700000)]
  0x0000011ec946d800 JavaThread "JavaFX-Launcher" [_thread_blocked, id=9844, stack(0x0000000db5b00000,0x0000000db5c00000)]
  0x0000011ec9571000 JavaThread "Thread-2" daemon [_thread_in_native, id=7152, stack(0x0000000db5a00000,0x0000000db5b00000)]
  0x0000011ed0573800 JavaThread "Java2D Disposer" daemon [_thread_blocked, id=10396, stack(0x0000000db5c00000,0x0000000db5d00000)]
  0x0000011ed060f000 JavaThread "Prism Font Disposer" daemon [_thread_blocked, id=3592, stack(0x0000000db5f00000,0x0000000db6000000)]
  0x0000011ed2ca8800 JavaThread "Cleaner-0" daemon [_thread_blocked, id=1720, stack(0x0000000db6000000,0x0000000db6100000)]

Other Threads:
  0x0000011ec8355000 VMThread "VM Thread" [stack: 0x0000000db4700000,0x0000000db4800000] [id=4984]
  0x0000011ec8f79800 WatcherThread [stack: 0x0000000db5300000,0x0000000db5400000] [id=15504]
  0x0000011eaa345000 GCTaskThread "GC Thread#0" [stack: 0x0000000db3300000,0x0000000db3400000] [id=9092]
  0x0000011eaa348800 GCTaskThread "GC Thread#1" [stack: 0x0000000db3400000,0x0000000db3500000] [id=4600]
  0x0000011eaa34b000 GCTaskThread "GC Thread#2" [stack: 0x0000000db3500000,0x0000000db3600000] [id=17324]
  0x0000011eaa34e000 GCTaskThread "GC Thread#3" [stack: 0x0000000db3600000,0x0000000db3700000] [id=15048]
  0x0000011eaa359000 GCTaskThread "GC Thread#4" [stack: 0x0000000db3700000,0x0000000db3800000] [id=16720]
  0x0000011eaa360000 GCTaskThread "GC Thread#5" [stack: 0x0000000db3800000,0x0000000db3900000] [id=13724]
  0x0000011eaa361000 GCTaskThread "GC Thread#6" [stack: 0x0000000db3900000,0x0000000db3a00000] [id=6228]
  0x0000011eaa362800 GCTaskThread "GC Thread#7" [stack: 0x0000000db3a00000,0x0000000db3b00000] [id=9408]
  0x0000011eaa3d5800 ConcurrentGCThread "G1 Main Marker" [stack: 0x0000000db3b00000,0x0000000db3c00000] [id=13228]
  0x0000011eaa367800 ConcurrentGCThread "G1 Conc#0" [stack: 0x0000000db3c00000,0x0000000db3d00000] [id=12796]
  0x0000011eaa368000 ConcurrentGCThread "G1 Conc#1" [stack: 0x0000000db3d00000,0x0000000db3e00000] [id=15612]
  0x0000011eaa40e800 ConcurrentGCThread "G1 Refine#0" [stack: 0x0000000db3e00000,0x0000000db3f00000] [id=16920]
  0x0000011ec81fe800 ConcurrentGCThread "G1 Refine#1" [stack: 0x0000000db3f00000,0x0000000db4000000] [id=15380]
  0x0000011ec8207800 ConcurrentGCThread "G1 Refine#2" [stack: 0x0000000db4000000,0x0000000db4100000] [id=4048]
  0x0000011ec8209800 ConcurrentGCThread "G1 Refine#3" [stack: 0x0000000db4100000,0x0000000db4200000] [id=12212]
  0x0000011ec8208800 ConcurrentGCThread "G1 Refine#4" [stack: 0x0000000db4200000,0x0000000db4300000] [id=16824]
  0x0000011ec820e000 ConcurrentGCThread "G1 Refine#5" [stack: 0x0000000db4300000,0x0000000db4400000] [id=16428]
  0x0000011ec8211800 ConcurrentGCThread "G1 Refine#6" [stack: 0x0000000db4400000,0x0000000db4500000] [id=11568]
  0x0000011eaa365800 ConcurrentGCThread "G1 Refine#7" [stack: 0x0000000db4500000,0x0000000db4600000] [id=13944]
  0x0000011ec8212800 ConcurrentGCThread "G1 Young RemSet Sampling" [stack: 0x0000000db4600000,0x0000000db4700000] [id=9900]

Threads with active compile tasks:
C2 CompilerThread26547   !   4       org.mapdb.Volume$FileChannelVol::putLong (38 bytes)
C1 CompilerThread36556       3       org.mapdb.BTreeMap::findChildren (87 bytes)

VM state:not at safepoint (normal execution)

VM Mutex/Monitor currently owned by a thread: None

Heap address: 0x0000000081e00000, size: 2018 MB, Compressed Oops mode: 32-bit
Narrow klass base: 0x0000000000000000, Narrow klass shift: 3
Compressed class space size: 1073741824 Address: 0x0000000100000000

Heap:
 garbage-first heap   total 131072K, used 93871K [0x0000000081e00000, 0x0000000100000000)
  region size 1024K, 60 young (61440K), 7 survivors (7168K)
 Metaspace       used 29236K, capacity 30349K, committed 30512K, reserved 1075200K
  class space    used 3563K, capacity 4048K, committed 4144K, reserved 1048576K
Heap Regions: E=young(eden), S=young(survivor), O=old, HS=humongous(starts), HC=humongous(continues), CS=collection set, F=free, A=archive, TS=gc time stamp, AC=allocation context, TAMS=top-at-mark-start (previous, next)
|   0|0x0000000081e00000, 0x0000000081f00000, 0x0000000081f00000|100%|HS|  |TS  0|AC  0|TAMS 0x0000000081f00000, 0x0000000081f00000|
|   1|0x0000000081f00000, 0x0000000082000000, 0x0000000082000000|100%|HC|  |TS  0|AC  0|TAMS 0x0000000082000000, 0x0000000082000000|
|   2|0x0000000082000000, 0x0000000082100000, 0x0000000082100000|100%| O|  |TS  0|AC  0|TAMS 0x0000000082100000, 0x0000000082100000|
|   3|0x0000000082100000, 0x0000000082200000, 0x0000000082200000|100%| O|  |TS  0|AC  0|TAMS 0x0000000082200000, 0x0000000082200000|
|   4|0x0000000082200000, 0x0000000082300000, 0x0000000082300000|100%| O|  |TS  0|AC  0|TAMS 0x0000000082300000, 0x0000000082300000|
|   5|0x0000000082300000, 0x0000000082400000, 0x0000000082400000|100%| O|  |TS  1|AC  0|TAMS 0x0000000082336a00, 0x0000000082336a00|
|   6|0x0000000082400000, 0x0000000082500000, 0x0000000082500000|100%| O|  |TS  1|AC  0|TAMS 0x0000000082400000, 0x0000000082400000|
|   7|0x0000000082500000, 0x0000000082600000, 0x0000000082600000|100%| O|  |TS  2|AC  0|TAMS 0x0000000082500000, 0x0000000082500000|
|   8|0x0000000082600000, 0x0000000082700000, 0x0000000082700000|100%|HS|  |TS  2|AC  0|TAMS 0x0000000082600000, 0x0000000082600000|
|   9|0x0000000082700000, 0x0000000082800000, 0x0000000082800000|100%|HC|  |TS  2|AC  0|TAMS 0x0000000082700000, 0x0000000082700000|
|  10|0x0000000082800000, 0x0000000082900000, 0x0000000082900000|100%|HS|  |TS  2|AC  0|TAMS 0x0000000082800000, 0x0000000082800000|
|  11|0x0000000082900000, 0x0000000082a00000, 0x0000000082a00000|100%|HC|  |TS  2|AC  0|TAMS 0x0000000082900000, 0x0000000082900000|
|  12|0x0000000082a00000, 0x0000000082b00000, 0x0000000082b00000|100%|HS|  |TS  2|AC  0|TAMS 0x0000000082a00000, 0x0000000082a00000|
|  13|0x0000000082b00000, 0x0000000082c00000, 0x0000000082c00000|100%|HC|  |TS  2|AC  0|TAMS 0x0000000082b00000, 0x0000000082b00000|
|  14|0x0000000082c00000, 0x0000000082d00000, 0x0000000082d00000|100%|HS|  |TS  2|AC  0|TAMS 0x0000000082c00000, 0x0000000082c00000|
|  15|0x0000000082d00000, 0x0000000082e00000, 0x0000000082e00000|100%|HC|  |TS  2|AC  0|TAMS 0x0000000082d00000, 0x0000000082d00000|
|  16|0x0000000082e00000, 0x0000000082f00000, 0x0000000082f00000|100%|HS|  |TS  2|AC  0|TAMS 0x0000000082e00000, 0x0000000082e00000|
|  17|0x0000000082f00000, 0x0000000083000000, 0x0000000083000000|100%|HS|  |TS  2|AC  0|TAMS 0x0000000082f00000, 0x0000000082f00000|
|  18|0x0000000083000000, 0x0000000083100000, 0x0000000083100000|100%|HS|  |TS  2|AC  0|TAMS 0x0000000083000000, 0x0000000083000000|
|  19|0x0000000083100000, 0x0000000083200000, 0x0000000083200000|100%|HS|  |TS  2|AC  0|TAMS 0x0000000083100000, 0x0000000083100000|
|  20|0x0000000083200000, 0x0000000083300000, 0x0000000083300000|100%|HS|  |TS  2|AC  0|TAMS 0x0000000083200000, 0x0000000083200000|
|  21|0x0000000083300000, 0x0000000083400000, 0x0000000083400000|100%|HS|  |TS  2|AC  0|TAMS 0x0000000083300000, 0x0000000083300000|
|  22|0x0000000083400000, 0x0000000083400000, 0x0000000083500000|  0%| F|  |TS  2|AC  0|TAMS 0x0000000083400000, 0x0000000083400000|
|  23|0x0000000083500000, 0x0000000083500000, 0x0000000083600000|  0%| F|  |TS  2|AC  0|TAMS 0x0000000083500000, 0x0000000083500000|
|  24|0x0000000083600000, 0x0000000083600000, 0x0000000083700000|  0%| F|  |TS  2|AC  0|TAMS 0x0000000083600000, 0x0000000083600000|
|  25|0x0000000083700000, 0x0000000083700000, 0x0000000083800000|  0%| F|  |TS  2|AC  0|TAMS 0x0000000083700000, 0x0000000083700000|
|  26|0x0000000083800000, 0x0000000083800000, 0x0000000083900000|  0%| F|  |TS  2|AC  0|TAMS 0x0000000083800000, 0x0000000083800000|
|  27|0x0000000083900000, 0x0000000083900000, 0x0000000083a00000|  0%| F|  |TS  2|AC  0|TAMS 0x0000000083900000, 0x0000000083900000|
|  28|0x0000000083a00000, 0x0000000083a00000, 0x0000000083b00000|  0%| F|  |TS  2|AC  0|TAMS 0x0000000083a00000, 0x0000000083a00000|
|  29|0x0000000083b00000, 0x0000000083b00000, 0x0000000083c00000|  0%| F|  |TS  2|AC  0|TAMS 0x0000000083b00000, 0x0000000083b00000|
|  30|0x0000000083c00000, 0x0000000083c00000, 0x0000000083d00000|  0%| F|  |TS  2|AC  0|TAMS 0x0000000083c00000, 0x0000000083c00000|
|  31|0x0000000083d00000, 0x0000000083d00000, 0x0000000083e00000|  0%| F|  |TS  2|AC  0|TAMS 0x0000000083d00000, 0x0000000083d00000|
|  32|0x0000000083e00000, 0x0000000083f00000, 0x0000000083f00000|100%|HS|  |TS  0|AC  0|TAMS 0x0000000083e00000, 0x0000000083e00000|
|  33|0x0000000083f00000, 0x0000000084000000, 0x0000000084000000|100%|HC|  |TS  0|AC  0|TAMS 0x0000000083f00000, 0x0000000083f00000|
|  34|0x0000000084000000, 0x0000000084100000, 0x0000000084100000|100%|HS|  |TS  0|AC  0|TAMS 0x0000000084000000, 0x0000000084000000|
|  35|0x0000000084100000, 0x0000000084200000, 0x0000000084200000|100%|HC|  |TS  0|AC  0|TAMS 0x0000000084100000, 0x0000000084100000|
|  36|0x0000000084200000, 0x0000000084300000, 0x0000000084300000|100%|HS|  |TS  0|AC  0|TAMS 0x0000000084200000, 0x0000000084200000|
|  37|0x0000000084300000, 0x0000000084400000, 0x0000000084400000|100%|HC|  |TS  0|AC  0|TAMS 0x0000000084300000, 0x0000000084300000|
|  38|0x0000000084400000, 0x0000000084500000, 0x0000000084500000|100%|HS|  |TS  0|AC  0|TAMS 0x0000000084400000, 0x0000000084400000|
|  39|0x0000000084500000, 0x0000000084600000, 0x0000000084600000|100%|HC|  |TS  0|AC  0|TAMS 0x0000000084500000, 0x0000000084500000|
|  40|0x0000000084600000, 0x0000000084700000, 0x0000000084700000|100%|HS|  |TS  0|AC  0|TAMS 0x0000000084600000, 0x0000000084600000|
|  41|0x0000000084700000, 0x0000000084800000, 0x0000000084800000|100%|HS|  |TS  0|AC  0|TAMS 0x0000000084700000, 0x0000000084700000|
|  42|0x0000000084800000, 0x00000000848abe00, 0x0000000084900000| 67%| O|  |TS  3|AC  0|TAMS 0x0000000084800000, 0x0000000084800000|
|  43|0x0000000084900000, 0x0000000084900000, 0x0000000084a00000|  0%| F|  |TS  0|AC  0|TAMS 0x0000000084900000, 0x0000000084900000|
|  44|0x0000000084a00000, 0x0000000084a00000, 0x0000000084b00000|  0%| F|  |TS  0|AC  0|TAMS 0x0000000084a00000, 0x0000000084a00000|
|  45|0x0000000084b00000, 0x0000000084b00000, 0x0000000084c00000|  0%| F|  |TS  0|AC  0|TAMS 0x0000000084b00000, 0x0000000084b00000|
|  46|0x0000000084c00000, 0x0000000084c00000, 0x0000000084d00000|  0%| F|  |TS  0|AC  0|TAMS 0x0000000084c00000, 0x0000000084c00000|
|  47|0x0000000084d00000, 0x0000000084d00000, 0x0000000084e00000|  0%| F|  |TS  0|AC  0|TAMS 0x0000000084d00000, 0x0000000084d00000|
|  48|0x0000000084e00000, 0x0000000084e00000, 0x0000000084f00000|  0%| F|  |TS  0|AC  0|TAMS 0x0000000084e00000, 0x0000000084e00000|
|  49|0x0000000084f00000, 0x0000000084f00000, 0x0000000085000000|  0%| F|  |TS  0|AC  0|TAMS 0x0000000084f00000, 0x0000000084f00000|
|  50|0x0000000085000000, 0x0000000085000000, 0x0000000085100000|  0%| F|  |TS  0|AC  0|TAMS 0x0000000085000000, 0x0000000085000000|
|  51|0x0000000085100000, 0x0000000085100000, 0x0000000085200000|  0%| F|  |TS  0|AC  0|TAMS 0x0000000085100000, 0x0000000085100000|
|  52|0x0000000085200000, 0x0000000085200000, 0x0000000085300000|  0%| F|  |TS  0|AC  0|TAMS 0x0000000085200000, 0x0000000085200000|
|  53|0x0000000085300000, 0x0000000085300000, 0x0000000085400000|  0%| F|  |TS  0|AC  0|TAMS 0x0000000085300000, 0x0000000085300000|
|  54|0x0000000085400000, 0x0000000085400000, 0x0000000085500000|  0%| F|  |TS  0|AC  0|TAMS 0x0000000085400000, 0x0000000085400000|
|  55|0x0000000085500000, 0x0000000085500000, 0x0000000085600000|  0%| F|  |TS  0|AC  0|TAMS 0x0000000085500000, 0x0000000085500000|
|  56|0x0000000085600000, 0x0000000085600000, 0x0000000085700000|  0%| F|  |TS  0|AC  0|TAMS 0x0000000085600000, 0x0000000085600000|
|  57|0x0000000085700000, 0x0000000085700000, 0x0000000085800000|  0%| F|  |TS  0|AC  0|TAMS 0x0000000085700000, 0x0000000085700000|
|  58|0x0000000085800000, 0x0000000085800000, 0x0000000085900000|  0%| F|  |TS  0|AC  0|TAMS 0x0000000085800000, 0x0000000085800000|
|  59|0x0000000085900000, 0x0000000085900000, 0x0000000085a00000|  0%| F|  |TS  0|AC  0|TAMS 0x0000000085900000, 0x0000000085900000|
|  60|0x0000000085a00000, 0x0000000085a00000, 0x0000000085b00000|  0%| F|  |TS  0|AC  0|TAMS 0x0000000085a00000, 0x0000000085a00000|
|  61|0x0000000085b00000, 0x0000000085b00000, 0x0000000085c00000|  0%| F|  |TS  0|AC  0|TAMS 0x0000000085b00000, 0x0000000085b00000|
|  62|0x0000000085c00000, 0x0000000085c00000, 0x0000000085d00000|  0%| F|  |TS  0|AC  0|TAMS 0x0000000085c00000, 0x0000000085c00000|
|  63|0x0000000085d00000, 0x0000000085d00000, 0x0000000085e00000|  0%| F|  |TS  0|AC  0|TAMS 0x0000000085d00000, 0x0000000085d00000|
|  64|0x0000000085e00000, 0x0000000085e00000, 0x0000000085f00000|  0%| F|  |TS  0|AC  0|TAMS 0x0000000085e00000, 0x0000000085e00000|
|  65|0x0000000085f00000, 0x0000000085f00000, 0x0000000086000000|  0%| F|  |TS  0|AC  0|TAMS 0x0000000085f00000, 0x0000000085f00000|
|  66|0x0000000086000000, 0x0000000086100000, 0x0000000086100000|100%| E|CS|TS  2|AC  0|TAMS 0x0000000086000000, 0x0000000086000000|
|  67|0x0000000086100000, 0x0000000086200000, 0x0000000086200000|100%| E|CS|TS  2|AC  0|TAMS 0x0000000086100000, 0x0000000086100000|
|  68|0x0000000086200000, 0x0000000086300000, 0x0000000086300000|100%| E|CS|TS  2|AC  0|TAMS 0x0000000086200000, 0x0000000086200000|
|  69|0x0000000086300000, 0x0000000086400000, 0x0000000086400000|100%| E|CS|TS  2|AC  0|TAMS 0x0000000086300000, 0x0000000086300000|
|  70|0x0000000086400000, 0x0000000086500000, 0x0000000086500000|100%| E|CS|TS  2|AC  0|TAMS 0x0000000086400000, 0x0000000086400000|
|  71|0x0000000086500000, 0x0000000086600000, 0x0000000086600000|100%| E|CS|TS  2|AC  0|TAMS 0x0000000086500000, 0x0000000086500000|
|  72|0x0000000086600000, 0x0000000086700000, 0x0000000086700000|100%| E|CS|TS  2|AC  0|TAMS 0x0000000086600000, 0x0000000086600000|
|  73|0x0000000086700000, 0x0000000086700000, 0x0000000086800000|  0%| F|  |TS  2|AC  0|TAMS 0x0000000086700000, 0x0000000086700000|
|  74|0x0000000086800000, 0x0000000086900000, 0x0000000086900000|100%| S|  |TS  3|AC  0|TAMS 0x0000000086800000, 0x0000000086800000|
|  75|0x0000000086900000, 0x0000000086a00000, 0x0000000086a00000|100%| E|CS|TS  2|AC  0|TAMS 0x0000000086900000, 0x0000000086900000|
|  76|0x0000000086a00000, 0x0000000086b00000, 0x0000000086b00000|100%| E|CS|TS  2|AC  0|TAMS 0x0000000086a00000, 0x0000000086a00000|
|  77|0x0000000086b00000, 0x0000000086c00000, 0x0000000086c00000|100%| E|CS|TS  2|AC  0|TAMS 0x0000000086b00000, 0x0000000086b00000|
|  78|0x0000000086c00000, 0x0000000086d00000, 0x0000000086d00000|100%| E|CS|TS  2|AC  0|TAMS 0x0000000086c00000, 0x0000000086c00000|
|  79|0x0000000086d00000, 0x0000000086e00000, 0x0000000086e00000|100%| E|CS|TS  2|AC  0|TAMS 0x0000000086d00000, 0x0000000086d00000|
|  80|0x0000000086e00000, 0x0000000086f00000, 0x0000000086f00000|100%| E|CS|TS  2|AC  0|TAMS 0x0000000086e00000, 0x0000000086e00000|
|  81|0x0000000086f00000, 0x0000000087000000, 0x0000000087000000|100%| E|CS|TS  2|AC  0|TAMS 0x0000000086f00000, 0x0000000086f00000|
|  82|0x0000000087000000, 0x0000000087100000, 0x0000000087100000|100%| E|CS|TS  2|AC  0|TAMS 0x0000000087000000, 0x0000000087000000|
|  83|0x0000000087100000, 0x0000000087200000, 0x0000000087200000|100%| E|CS|TS  2|AC  0|TAMS 0x0000000087100000, 0x0000000087100000|
|  84|0x0000000087200000, 0x0000000087300000, 0x0000000087300000|100%| E|CS|TS  2|AC  0|TAMS 0x0000000087200000, 0x0000000087200000|
|  85|0x0000000087300000, 0x0000000087400000, 0x0000000087400000|100%| E|CS|TS  2|AC  0|TAMS 0x0000000087300000, 0x0000000087300000|
|  86|0x0000000087400000, 0x0000000087500000, 0x0000000087500000|100%| E|CS|TS  2|AC  0|TAMS 0x0000000087400000, 0x0000000087400000|
|  87|0x0000000087500000, 0x0000000087600000, 0x0000000087600000|100%| E|CS|TS  2|AC  0|TAMS 0x0000000087500000, 0x0000000087500000|
|  88|0x0000000087600000, 0x0000000087700000, 0x0000000087700000|100%| E|CS|TS  2|AC  0|TAMS 0x0000000087600000, 0x0000000087600000|
|  89|0x0000000087700000, 0x0000000087800000, 0x0000000087800000|100%| E|CS|TS  2|AC  0|TAMS 0x0000000087700000, 0x0000000087700000|
|  90|0x0000000087800000, 0x0000000087900000, 0x0000000087900000|100%| E|CS|TS  2|AC  0|TAMS 0x0000000087800000, 0x0000000087800000|
|  91|0x0000000087900000, 0x0000000087a00000, 0x0000000087a00000|100%| E|CS|TS  2|AC  0|TAMS 0x0000000087900000, 0x0000000087900000|
|  92|0x0000000087a00000, 0x0000000087b00000, 0x0000000087b00000|100%| E|CS|TS  2|AC  0|TAMS 0x0000000087a00000, 0x0000000087a00000|
|  93|0x0000000087b00000, 0x0000000087c00000, 0x0000000087c00000|100%| E|CS|TS  2|AC  0|TAMS 0x0000000087b00000, 0x0000000087b00000|
|  94|0x0000000087c00000, 0x0000000087d00000, 0x0000000087d00000|100%| E|CS|TS  2|AC  0|TAMS 0x0000000087c00000, 0x0000000087c00000|
|  95|0x0000000087d00000, 0x0000000087e00000, 0x0000000087e00000|100%| E|CS|TS  2|AC  0|TAMS 0x0000000087d00000, 0x0000000087d00000|
|  96|0x0000000087e00000, 0x0000000087f00000, 0x0000000087f00000|100%| E|CS|TS  2|AC  0|TAMS 0x0000000087e00000, 0x0000000087e00000|
|  97|0x0000000087f00000, 0x0000000088000000, 0x0000000088000000|100%| E|CS|TS  2|AC  0|TAMS 0x0000000087f00000, 0x0000000087f00000|
|  98|0x0000000088000000, 0x0000000088100000, 0x0000000088100000|100%| E|CS|TS  2|AC  0|TAMS 0x0000000088000000, 0x0000000088000000|
|  99|0x0000000088100000, 0x0000000088200000, 0x0000000088200000|100%| E|CS|TS  2|AC  0|TAMS 0x0000000088100000, 0x0000000088100000|
| 100|0x0000000088200000, 0x0000000088300000, 0x0000000088300000|100%| E|CS|TS  2|AC  0|TAMS 0x0000000088200000, 0x0000000088200000|
| 101|0x0000000088300000, 0x0000000088400000, 0x0000000088400000|100%| E|CS|TS  2|AC  0|TAMS 0x0000000088300000, 0x0000000088300000|
| 102|0x0000000088400000, 0x0000000088500000, 0x0000000088500000|100%| E|CS|TS  2|AC  0|TAMS 0x0000000088400000, 0x0000000088400000|
| 103|0x0000000088500000, 0x0000000088600000, 0x0000000088600000|100%| E|CS|TS  2|AC  0|TAMS 0x0000000088500000, 0x0000000088500000|
| 104|0x0000000088600000, 0x0000000088700000, 0x0000000088700000|100%| E|CS|TS  2|AC  0|TAMS 0x0000000088600000, 0x0000000088600000|
| 105|0x0000000088700000, 0x0000000088800000, 0x0000000088800000|100%| E|CS|TS  2|AC  0|TAMS 0x0000000088700000, 0x0000000088700000|
| 106|0x0000000088800000, 0x0000000088900000, 0x0000000088900000|100%| E|CS|TS  2|AC  0|TAMS 0x0000000088800000, 0x0000000088800000|
| 107|0x0000000088900000, 0x0000000088a00000, 0x0000000088a00000|100%| E|CS|TS  2|AC  0|TAMS 0x0000000088900000, 0x0000000088900000|
| 108|0x0000000088a00000, 0x0000000088b00000, 0x0000000088b00000|100%| E|CS|TS  2|AC  0|TAMS 0x0000000088a00000, 0x0000000088a00000|
| 109|0x0000000088b00000, 0x0000000088c00000, 0x0000000088c00000|100%| E|CS|TS  2|AC  0|TAMS 0x0000000088b00000, 0x0000000088b00000|
| 110|0x0000000088c00000, 0x0000000088d00000, 0x0000000088d00000|100%| E|CS|TS  2|AC  0|TAMS 0x0000000088c00000, 0x0000000088c00000|
| 111|0x0000000088d00000, 0x0000000088e00000, 0x0000000088e00000|100%| E|CS|TS  2|AC  0|TAMS 0x0000000088d00000, 0x0000000088d00000|
| 112|0x0000000088e00000, 0x0000000088f00000, 0x0000000088f00000|100%| E|CS|TS  2|AC  0|TAMS 0x0000000088e00000, 0x0000000088e00000|
| 113|0x0000000088f00000, 0x0000000089000000, 0x0000000089000000|100%| E|CS|TS  2|AC  0|TAMS 0x0000000088f00000, 0x0000000088f00000|
| 114|0x0000000089000000, 0x0000000089100000, 0x0000000089100000|100%| E|CS|TS  2|AC  0|TAMS 0x0000000089000000, 0x0000000089000000|
| 115|0x0000000089100000, 0x0000000089200000, 0x0000000089200000|100%| E|CS|TS  2|AC  0|TAMS 0x0000000089100000, 0x0000000089100000|
| 116|0x0000000089200000, 0x0000000089300000, 0x0000000089300000|100%| E|CS|TS  2|AC  0|TAMS 0x0000000089200000, 0x0000000089200000|
| 117|0x0000000089300000, 0x0000000089400000, 0x0000000089400000|100%| E|CS|TS  2|AC  0|TAMS 0x0000000089300000, 0x0000000089300000|
| 118|0x0000000089400000, 0x0000000089500000, 0x0000000089500000|100%| E|CS|TS  2|AC  0|TAMS 0x0000000089400000, 0x0000000089400000|
| 119|0x0000000089500000, 0x0000000089600000, 0x0000000089600000|100%| E|CS|TS  2|AC  0|TAMS 0x0000000089500000, 0x0000000089500000|
| 120|0x0000000089600000, 0x0000000089700000, 0x0000000089700000|100%| E|CS|TS  2|AC  0|TAMS 0x0000000089600000, 0x0000000089600000|
| 121|0x0000000089700000, 0x0000000089800000, 0x0000000089800000|100%| E|CS|TS  2|AC  0|TAMS 0x0000000089700000, 0x0000000089700000|
| 122|0x0000000089800000, 0x0000000089900000, 0x0000000089900000|100%| E|CS|TS  2|AC  0|TAMS 0x0000000089800000, 0x0000000089800000|
| 123|0x0000000089900000, 0x0000000089a00000, 0x0000000089a00000|100%| E|CS|TS  2|AC  0|TAMS 0x0000000089900000, 0x0000000089900000|
| 124|0x0000000089a00000, 0x0000000089b00000, 0x0000000089b00000|100%| E|CS|TS  2|AC  0|TAMS 0x0000000089a00000, 0x0000000089a00000|
| 125|0x0000000089b00000, 0x0000000089c00000, 0x0000000089c00000|100%| E|CS|TS  2|AC  0|TAMS 0x0000000089b00000, 0x0000000089b00000|
| 126|0x0000000089c00000, 0x0000000089d00000, 0x0000000089d00000|100%| E|CS|TS  2|AC  0|TAMS 0x0000000089c00000, 0x0000000089c00000|
| 127|0x0000000089d00000, 0x0000000089e00000, 0x0000000089e00000|100%| E|CS|TS  2|AC  0|TAMS 0x0000000089d00000, 0x0000000089d00000|

Card table byte_map: [0x0000011ec1210000,0x0000011ec1610000] byte_map_base: 0x0000011ec0e01000

Marking Bits (Prev, Next): (CMBitMap*) 0x0000011eaa3d4f48, (CMBitMap*) 0x0000011eaa3d4f10
 Prev Bits: [0x0000011ec39a0000, 0x0000011ec5928000)
 Next Bits: [0x0000011ec1a10000, 0x0000011ec3998000)

Polling page: 0x0000011ea8160000

CodeHeap 'non-profiled nmethods': size=120000Kb used=3976Kb max_used=3976Kb free=116023Kb
 bounds [0x0000011eb95b0000, 0x0000011eb99a0000, 0x0000011ec0ae0000]
CodeHeap 'profiled nmethods': size=120000Kb used=14555Kb max_used=14555Kb free=105444Kb
 bounds [0x0000011eb2080000, 0x0000011eb2ec0000, 0x0000011eb95b0000]
CodeHeap 'non-nmethods': size=5760Kb used=1376Kb max_used=1427Kb free=4383Kb
 bounds [0x0000011eb1ae0000, 0x0000011eb1d50000, 0x0000011eb2080000]
 total_blobs=9142 nmethods=6502 adapters=734
 compilation: enabled

Compilation events (10 events):
Event: 54.728 Thread 0x0000011ec8dba000 nmethod 6541 0x0000011eb2eb5710 code [0x0000011eb2eb58e0, 0x0000011eb2eb5c10]
Event: 54.730 Thread 0x0000011ec8dba000 6542       1       java.lang.Package$VersionInfo::access$600 (5 bytes)
Event: 54.730 Thread 0x0000011ec8dba000 nmethod 6542 0x0000011eb997ca90 code [0x0000011eb997cc40, 0x0000011eb997cd38]
Event: 54.741 Thread 0x0000011ec8db1800 6543       4       java.nio.DirectByteBuffer::put (135 bytes)
Event: 54.741 Thread 0x0000011ec83aa800 6544       4       org.mapdb.Volume$FileChannelVol::writeFully (51 bytes)
Event: 54.741 Thread 0x0000011ec83a7800 6545       4       java.nio.channels.spi.AbstractInterruptibleChannel::end (53 bytes)
Event: 54.745 Thread 0x0000011ec83a7800 nmethod 6545 0x0000011eb997ce10 code [0x0000011eb997cfc0, 0x0000011eb997d2f8]
Event: 54.745 Thread 0x0000011ec83a7800 6546   !   4       sun.nio.ch.IOUtil::write (174 bytes)
Event: 54.748 Thread 0x0000011ec8db1800 nmethod 6543 0x0000011eb997d490 code [0x0000011eb997d640, 0x0000011eb997da58]
Event: 54.750 Thread 0x0000011ec8db1800 6547   !   4       org.mapdb.Volume$FileChannelVol::putLong (38 bytes)

GC Heap History (8 events):
Event: 2.047 GC heap before
{Heap before GC invocations=0 (full 0):
 garbage-first heap   total 131072K, used 26624K [0x0000000081e00000, 0x0000000100000000)
  region size 1024K, 24 young (24576K), 0 survivors (0K)
 Metaspace       used 20247K, capacity 20875K, committed 20992K, reserved 1067008K
  class space    used 2746K, capacity 3069K, committed 3072K, reserved 1048576K
}
Event: 2.058 GC heap after
{Heap after GC invocations=1 (full 0):
 garbage-first heap   total 131072K, used 8410K [0x0000000081e00000, 0x0000000100000000)
  region size 1024K, 3 young (3072K), 3 survivors (3072K)
 Metaspace       used 20247K, capacity 20875K, committed 20992K, reserved 1067008K
  class space    used 2746K, capacity 3069K, committed 3072K, reserved 1048576K
}
Event: 2.078 GC heap before
{Heap before GC invocations=1 (full 0):
 garbage-first heap   total 131072K, used 9434K [0x0000000081e00000, 0x0000000100000000)
  region size 1024K, 5 young (5120K), 3 survivors (3072K)
 Metaspace       used 20453K, capacity 21132K, committed 21296K, reserved 1067008K
  class space    used 2794K, capacity 3110K, committed 3120K, reserved 1048576K
}
Event: 2.083 GC heap after
{Heap after GC invocations=2 (full 0):
 garbage-first heap   total 131072K, used 8488K [0x0000000081e00000, 0x0000000100000000)
  region size 1024K, 4 young (4096K), 4 survivors (4096K)
 Metaspace       used 20453K, capacity 21132K, committed 21296K, reserved 1067008K
  class space    used 2794K, capacity 3110K, committed 3120K, reserved 1048576K
}
Event: 3.462 GC heap before
{Heap before GC invocations=3 (full 0):
 garbage-first heap   total 131072K, used 16680K [0x0000000081e00000, 0x0000000100000000)
  region size 1024K, 12 young (12288K), 4 survivors (4096K)
 Metaspace       used 22179K, capacity 22998K, committed 23216K, reserved 1069056K
  class space    used 3051K, capacity 3441K, committed 3504K, reserved 1048576K
}
Event: 3.468 GC heap after
{Heap after GC invocations=4 (full 0):
 garbage-first heap   total 131072K, used 9979K [0x0000000081e00000, 0x0000000100000000)
  region size 1024K, 2 young (2048K), 2 survivors (2048K)
 Metaspace       used 22179K, capacity 22998K, committed 23216K, reserved 1069056K
  class space    used 3051K, capacity 3441K, committed 3504K, reserved 1048576K
}
Event: 26.786 GC heap before
{Heap before GC invocations=4 (full 0):
 garbage-first heap   total 131072K, used 99067K [0x0000000081e00000, 0x0000000100000000)
  region size 1024K, 55 young (56320K), 2 survivors (2048K)
 Metaspace       used 27753K, capacity 28810K, committed 29104K, reserved 1075200K
  class space    used 3481K, capacity 3953K, committed 4016K, reserved 1048576K
}
Event: 26.792 GC heap after
{Heap after GC invocations=5 (full 0):
 garbage-first heap   total 131072K, used 26287K [0x0000000081e00000, 0x0000000100000000)
  region size 1024K, 7 young (7168K), 7 survivors (7168K)
 Metaspace       used 27753K, capacity 28810K, committed 29104K, reserved 1075200K
  class space    used 3481K, capacity 3953K, committed 4016K, reserved 1048576K
}

Deoptimization events (10 events):
Event: 16.931 Thread 0x0000011ec92ca800 Uncommon trap: reason=bimorphic_or_optimized_type_check action=maybe_recompile pc=0x0000011eb97aee8c method=javafx.scene.Node$LazyBoundsProperty.get()Ljavafx/geometry/Bounds; @ 9 c2
Event: 16.931 Thread 0x0000011ec92ca800 Uncommon trap: reason=bimorphic_or_optimized_type_check action=maybe_recompile pc=0x0000011eb97aee8c method=javafx.scene.Node$LazyBoundsProperty.get()Ljavafx/geometry/Bounds; @ 9 c2
Event: 16.931 Thread 0x0000011ec92ca800 Uncommon trap: reason=bimorphic_or_optimized_type_check action=maybe_recompile pc=0x0000011eb97aee8c method=javafx.scene.Node$LazyBoundsProperty.get()Ljavafx/geometry/Bounds; @ 9 c2
Event: 17.046 Thread 0x0000011ec92a7800 Uncommon trap: reason=unstable_if action=reinterpret pc=0x0000011eb976509c method=com.sun.javafx.geom.transform.AffineBase.updateState2D()V @ 51 c2
Event: 17.046 Thread 0x0000011ec92a7800 Uncommon trap: reason=unstable_if action=reinterpret pc=0x0000011eb975f034 method=com.sun.javafx.geom.transform.AffineBase.updateState2D()V @ 51 c2
Event: 18.345 Thread 0x0000011ec92ca800 Uncommon trap: reason=bimorphic_or_optimized_type_check action=maybe_recompile pc=0x0000011eb97aee8c method=javafx.scene.Node$LazyBoundsProperty.get()Ljavafx/geometry/Bounds; @ 9 c2
Event: 27.198 Thread 0x0000011ec92a7800 Uncommon trap: reason=unstable_if action=reinterpret pc=0x0000011eb97c5334 method=com.sun.prism.impl.ManagedResource._isgone(Lcom/sun/prism/impl/ManagedResource;)Z @ 1 c2
Event: 43.315 Thread 0x0000011ec92ca800 Uncommon trap: reason=unstable_if action=reinterpret pc=0x0000011eb95eadd0 method=java.lang.StringLatin1.canEncode(I)Z @ 4 c2
Event: 43.315 Thread 0x0000011ec92ca800 Uncommon trap: reason=unstable_if action=reinterpret pc=0x0000011eb95d7b3c method=java.lang.AbstractStringBuilder.isLatin1()Z @ 10 c2
Event: 44.057 Thread 0x0000011ec92ca800 Uncommon trap: reason=null_check action=make_not_entrant pc=0x0000011eb994f5cc method=com.sun.javafx.fxml.BeanAdapter.coerce(Ljava/lang/Object;Ljava/lang/Class;)Ljava/lang/Object; @ 28 c2

Classes redefined (0 events):
No events

Internal exceptions (10 events):
Event: 51.438 Thread 0x0000011ec92ca800 Exception <a 'java/io/FileNotFoundException'{0x0000000086de3638}> (0x0000000086de3638) thrown at [t:/workspace/open/src/hotspot/share/prims/jni.cpp, line 611]
Event: 51.438 Thread 0x0000011ec92ca800 Exception <a 'java/io/FileNotFoundException'{0x0000000086dec408}> (0x0000000086dec408) thrown at [t:/workspace/open/src/hotspot/share/prims/jni.cpp, line 611]
Event: 51.439 Thread 0x0000011ec92ca800 Exception <a 'java/io/FileNotFoundException'{0x0000000086df5270}> (0x0000000086df5270) thrown at [t:/workspace/open/src/hotspot/share/prims/jni.cpp, line 611]
Event: 52.595 Thread 0x0000011ec92ca800 Exception <a 'java/io/FileNotFoundException'{0x0000000086cd1238}> (0x0000000086cd1238) thrown at [t:/workspace/open/src/hotspot/share/prims/jni.cpp, line 611]
Event: 52.596 Thread 0x0000011ec92ca800 Exception <a 'java/io/FileNotFoundException'{0x0000000086cdd5d8}> (0x0000000086cdd5d8) thrown at [t:/workspace/open/src/hotspot/share/prims/jni.cpp, line 611]
Event: 52.597 Thread 0x0000011ec92ca800 Exception <a 'java/io/FileNotFoundException'{0x0000000086ce8030}> (0x0000000086ce8030) thrown at [t:/workspace/open/src/hotspot/share/prims/jni.cpp, line 611]
Event: 52.598 Thread 0x0000011ec92ca800 Exception <a 'java/io/FileNotFoundException'{0x0000000086cf1118}> (0x0000000086cf1118) thrown at [t:/workspace/open/src/hotspot/share/prims/jni.cpp, line 611]
Event: 52.599 Thread 0x0000011ec92ca800 Exception <a 'java/io/FileNotFoundException'{0x0000000086cf9f28}> (0x0000000086cf9f28) thrown at [t:/workspace/open/src/hotspot/share/prims/jni.cpp, line 611]
Event: 52.600 Thread 0x0000011ec92ca800 Exception <a 'java/io/FileNotFoundException'{0x0000000086b031b0}> (0x0000000086b031b0) thrown at [t:/workspace/open/src/hotspot/share/prims/jni.cpp, line 611]
Event: 52.601 Thread 0x0000011ec92ca800 Exception <a 'java/io/FileNotFoundException'{0x0000000086b0bff8}> (0x0000000086b0bff8) thrown at [t:/workspace/open/src/hotspot/share/prims/jni.cpp, line 611]

Events (10 events):
Event: 51.424 loading class org/mapdb/BTreeMap$BTreeIterator
Event: 51.424 loading class org/mapdb/BTreeMap$BTreeIterator done
Event: 53.835 Executing VM operation: RevokeBias
Event: 53.835 Executing VM operation: RevokeBias done
Event: 54.730 loading class healthApp/controller/AnklePainController1
Event: 54.730 loading class healthApp/controller/AnklePainController1 done
Event: 54.731 loading class healthApp/model/WorkoutAnklePain
Event: 54.731 loading class healthApp/model/WorkoutAnklePain done
Event: 54.731 loading class healthApp/data/WorkoutAnklePainDB
Event: 54.731 loading class healthApp/data/WorkoutAnklePainDB done


Dynamic libraries:
0x00007ff6a4000000 - 0x00007ff6a403e000 	C:\Program Files\Java\jre-10.0.1\bin\javaw.exe
0x00007ffbafff0000 - 0x00007ffbb01d1000 	C:\WINDOWS\SYSTEM32\ntdll.dll
0x00007ffbae040000 - 0x00007ffbae0f2000 	C:\WINDOWS\System32\KERNEL32.DLL
0x00007ffbacdc0000 - 0x00007ffbad033000 	C:\WINDOWS\System32\KERNELBASE.dll
0x00007ffbafbe0000 - 0x00007ffbafc81000 	C:\WINDOWS\System32\ADVAPI32.dll
0x00007ffbad840000 - 0x00007ffbad8de000 	C:\WINDOWS\System32\msvcrt.dll
0x00007ffbad960000 - 0x00007ffbad9bb000 	C:\WINDOWS\System32\sechost.dll
0x00007ffbafd60000 - 0x00007ffbafe84000 	C:\WINDOWS\System32\RPCRT4.dll
0x00007ffbadcf0000 - 0x00007ffbade80000 	C:\WINDOWS\System32\USER32.dll
0x00007ffbac3c0000 - 0x00007ffbac3e0000 	C:\WINDOWS\System32\win32u.dll
0x00007ffbafe90000 - 0x00007ffbafeb8000 	C:\WINDOWS\System32\GDI32.dll
0x00007ffbad2e0000 - 0x00007ffbad472000 	C:\WINDOWS\System32\gdi32full.dll
0x00007ffbacb50000 - 0x00007ffbacbef000 	C:\WINDOWS\System32\msvcp_win.dll
0x00007ffbacbf0000 - 0x00007ffbaccea000 	C:\WINDOWS\System32\ucrtbase.dll
0x00007ffba0d30000 - 0x00007ffba0f99000 	C:\WINDOWS\WinSxS\amd64_microsoft.windows.common-controls_6595b64144ccf1df_6.0.17134.523_none_fb409dd930672a56\COMCTL32.dll
0x00007ffbad9c0000 - 0x00007ffbadce2000 	C:\WINDOWS\System32\combase.dll
0x00007ffba5c90000 - 0x00007ffba5c9a000 	C:\WINDOWS\SYSTEM32\VERSION.dll
0x00007ffbaccf0000 - 0x00007ffbacd6a000 	C:\WINDOWS\System32\bcryptPrimitives.dll
0x00007ffbad740000 - 0x00007ffbad76d000 	C:\WINDOWS\System32\IMM32.DLL
0x00007ffb79e40000 - 0x00007ffb79f2f000 	C:\Program Files\Java\jre-10.0.1\bin\msvcr120.dll
0x00007ffb8fba0000 - 0x00007ffb8fc46000 	C:\Program Files\Java\jre-10.0.1\bin\msvcp120.dll
0x0000000077590000 - 0x0000000078000000 	C:\Program Files\Java\jre-10.0.1\bin\server\jvm.dll
0x00007ffbae100000 - 0x00007ffbae108000 	C:\WINDOWS\System32\PSAPI.DLL
0x00007ffb96120000 - 0x00007ffb96129000 	C:\WINDOWS\SYSTEM32\WSOCK32.dll
0x00007ffba6140000 - 0x00007ffba6163000 	C:\WINDOWS\SYSTEM32\WINMM.dll
0x00007ffbafcf0000 - 0x00007ffbafd5c000 	C:\WINDOWS\System32\WS2_32.dll
0x00007ffba6100000 - 0x00007ffba612a000 	C:\WINDOWS\SYSTEM32\winmmbase.dll
0x00007ffbacd70000 - 0x00007ffbacdb9000 	C:\WINDOWS\System32\cfgmgr32.dll
0x00007ffba00b0000 - 0x00007ffba00bf000 	C:\Program Files\Java\jre-10.0.1\bin\verify.dll
0x00007ffbaac40000 - 0x00007ffbaae09000 	C:\WINDOWS\SYSTEM32\DBGHELP.DLL
0x00007ffb91530000 - 0x00007ffb91559000 	C:\WINDOWS\SYSTEM32\dbgcore.DLL
0x00007ffb8a760000 - 0x00007ffb8a787000 	C:\Program Files\Java\jre-10.0.1\bin\java.dll
0x00007ffb8eb50000 - 0x00007ffb8eb66000 	C:\Program Files\Java\jre-10.0.1\bin\zip.dll
0x00007ffb92a00000 - 0x00007ffb92a0a000 	C:\Program Files\Java\jre-10.0.1\bin\jimage.dll
0x00007ffbae610000 - 0x00007ffbafa50000 	C:\WINDOWS\System32\SHELL32.dll
0x00007ffbae110000 - 0x00007ffbae1b9000 	C:\WINDOWS\System32\shcore.dll
0x00007ffbac3e0000 - 0x00007ffbacaed000 	C:\WINDOWS\System32\windows.storage.dll
0x00007ffbadfe0000 - 0x00007ffbae031000 	C:\WINDOWS\System32\shlwapi.dll
0x00007ffbac380000 - 0x00007ffbac391000 	C:\WINDOWS\System32\kernel.appcore.dll
0x00007ffbac360000 - 0x00007ffbac37f000 	C:\WINDOWS\System32\profapi.dll
0x00007ffbac310000 - 0x00007ffbac35c000 	C:\WINDOWS\System32\powrprof.dll
0x00007ffbac300000 - 0x00007ffbac30a000 	C:\WINDOWS\System32\FLTLIB.DLL
0x0000011eaa300000 - 0x0000011eaa303000 	C:\Program Files\Java\jre-10.0.1\bin\api-ms-win-core-console-l1-1-0.dll
0x0000011ec99a0000 - 0x0000011ec99a3000 	C:\Program Files\Java\jre-10.0.1\bin\api-ms-win-core-datetime-l1-1-0.dll
0x0000011ec99b0000 - 0x0000011ec99b3000 	C:\Program Files\Java\jre-10.0.1\bin\api-ms-win-core-debug-l1-1-0.dll
0x0000011ec99c0000 - 0x0000011ec99c3000 	C:\Program Files\Java\jre-10.0.1\bin\api-ms-win-core-errorhandling-l1-1-0.dll
0x0000011ec99d0000 - 0x0000011ec99d4000 	C:\Program Files\Java\jre-10.0.1\bin\api-ms-win-core-file-l1-1-0.dll
0x0000011ec99e0000 - 0x0000011ec99e3000 	C:\Program Files\Java\jre-10.0.1\bin\api-ms-win-core-file-l1-2-0.dll
0x0000011ec99f0000 - 0x0000011ec99f3000 	C:\Program Files\Java\jre-10.0.1\bin\api-ms-win-core-file-l2-1-0.dll
0x0000011ec9a00000 - 0x0000011ec9a03000 	C:\Program Files\Java\jre-10.0.1\bin\api-ms-win-core-handle-l1-1-0.dll
0x0000011ec9a10000 - 0x0000011ec9a13000 	C:\Program Files\Java\jre-10.0.1\bin\api-ms-win-core-heap-l1-1-0.dll
0x0000011ec9a20000 - 0x0000011ec9a23000 	C:\Program Files\Java\jre-10.0.1\bin\api-ms-win-core-interlocked-l1-1-0.dll
0x0000011ec9a30000 - 0x0000011ec9a33000 	C:\Program Files\Java\jre-10.0.1\bin\api-ms-win-core-libraryloader-l1-1-0.dll
0x0000011ec9a40000 - 0x0000011ec9a43000 	C:\Program Files\Java\jre-10.0.1\bin\api-ms-win-core-localization-l1-2-0.dll
0x0000011ec9a50000 - 0x0000011ec9a53000 	C:\Program Files\Java\jre-10.0.1\bin\api-ms-win-core-memory-l1-1-0.dll
0x0000011ec9a60000 - 0x0000011ec9a63000 	C:\Program Files\Java\jre-10.0.1\bin\api-ms-win-core-namedpipe-l1-1-0.dll
0x0000011ec9a70000 - 0x0000011ec9a73000 	C:\Program Files\Java\jre-10.0.1\bin\api-ms-win-core-processenvironment-l1-1-0.dll
0x0000011ec9a80000 - 0x0000011ec9a83000 	C:\Program Files\Java\jre-10.0.1\bin\api-ms-win-core-processthreads-l1-1-0.dll
0x0000011ec9a90000 - 0x0000011ec9a93000 	C:\Program Files\Java\jre-10.0.1\bin\api-ms-win-core-processthreads-l1-1-1.dll
0x0000011ec9aa0000 - 0x0000011ec9aa3000 	C:\Program Files\Java\jre-10.0.1\bin\api-ms-win-core-profile-l1-1-0.dll
0x0000011ec9ab0000 - 0x0000011ec9ab3000 	C:\Program Files\Java\jre-10.0.1\bin\api-ms-win-core-rtlsupport-l1-1-0.dll
0x0000011ec9ac0000 - 0x0000011ec9ac3000 	C:\Program Files\Java\jre-10.0.1\bin\api-ms-win-core-string-l1-1-0.dll
0x0000011ec9ad0000 - 0x0000011ec9ad3000 	C:\Program Files\Java\jre-10.0.1\bin\api-ms-win-core-synch-l1-1-0.dll
0x0000011ec9ae0000 - 0x0000011ec9ae3000 	C:\Program Files\Java\jre-10.0.1\bin\api-ms-win-core-synch-l1-2-0.dll
0x0000011ec9af0000 - 0x0000011ec9af3000 	C:\Program Files\Java\jre-10.0.1\bin\api-ms-win-core-sysinfo-l1-1-0.dll
0x0000011ec9b00000 - 0x0000011ec9b03000 	C:\Program Files\Java\jre-10.0.1\bin\api-ms-win-core-timezone-l1-1-0.dll
0x0000011ec9b10000 - 0x0000011ec9b13000 	C:\Program Files\Java\jre-10.0.1\bin\api-ms-win-core-util-l1-1-0.dll
0x0000011ec9b20000 - 0x0000011ec9b23000 	C:\Program Files\Java\jre-10.0.1\bin\api-ms-win-crt-conio-l1-1-0.dll
0x0000011ec9b30000 - 0x0000011ec9b34000 	C:\Program Files\Java\jre-10.0.1\bin\api-ms-win-crt-convert-l1-1-0.dll
0x0000011ec9b40000 - 0x0000011ec9b43000 	C:\Program Files\Java\jre-10.0.1\bin\api-ms-win-crt-environment-l1-1-0.dll
0x0000011ec9b50000 - 0x0000011ec9b53000 	C:\Program Files\Java\jre-10.0.1\bin\api-ms-win-crt-filesystem-l1-1-0.dll
0x0000011ec9b60000 - 0x0000011ec9b63000 	C:\Program Files\Java\jre-10.0.1\bin\api-ms-win-crt-heap-l1-1-0.dll
0x0000011ec9b70000 - 0x0000011ec9b73000 	C:\Program Files\Java\jre-10.0.1\bin\api-ms-win-crt-locale-l1-1-0.dll
0x0000011ec9b80000 - 0x0000011ec9b85000 	C:\Program Files\Java\jre-10.0.1\bin\api-ms-win-crt-math-l1-1-0.dll
0x0000011ec9b90000 - 0x0000011ec9b95000 	C:\Program Files\Java\jre-10.0.1\bin\api-ms-win-crt-multibyte-l1-1-0.dll
0x0000011ec9ba0000 - 0x0000011ec9bb0000 	C:\Program Files\Java\jre-10.0.1\bin\api-ms-win-crt-private-l1-1-0.dll
0x0000011ec9bb0000 - 0x0000011ec9bb3000 	C:\Program Files\Java\jre-10.0.1\bin\api-ms-win-crt-process-l1-1-0.dll
0x0000011ec9bc0000 - 0x0000011ec9bc4000 	C:\Program Files\Java\jre-10.0.1\bin\api-ms-win-crt-runtime-l1-1-0.dll
0x0000011ec9bd0000 - 0x0000011ec9bd4000 	C:\Program Files\Java\jre-10.0.1\bin\api-ms-win-crt-stdio-l1-1-0.dll
0x0000011ec9be0000 - 0x0000011ec9be4000 	C:\Program Files\Java\jre-10.0.1\bin\api-ms-win-crt-string-l1-1-0.dll
0x0000011ec9bf0000 - 0x0000011ec9bf3000 	C:\Program Files\Java\jre-10.0.1\bin\api-ms-win-crt-time-l1-1-0.dll
0x0000011ec9c00000 - 0x0000011ec9c03000 	C:\Program Files\Java\jre-10.0.1\bin\api-ms-win-crt-utility-l1-1-0.dll
0x00007ffb77400000 - 0x00007ffb774f6000 	C:\Program Files\Java\jre-10.0.1\bin\ucrtbase.dll
0x00007ffb8a270000 - 0x00007ffb8a286000 	C:\Program Files\Java\jre-10.0.1\bin\vcruntime140.dll
0x00007ffb64210000 - 0x00007ffb642ac000 	C:\Program Files\Java\jre-10.0.1\bin\msvcp140.dll
0x00007ffb89bb0000 - 0x00007ffb89c01000 	C:\Program Files\Java\jre-10.0.1\bin\concrt140.dll
0x00007ffb89b40000 - 0x00007ffb89b63000 	C:\Program Files\Java\jre-10.0.1\bin\prism_d3d.dll
0x00007ffba3910000 - 0x00007ffba3aa7000 	C:\WINDOWS\system32\d3d9.dll
0x00007ffbaa5b0000 - 0x00007ffbaa5d9000 	C:\WINDOWS\SYSTEM32\dwmapi.dll
0x00007ffba9d70000 - 0x00007ffba9e08000 	C:\WINDOWS\system32\uxtheme.dll
0x00007ffb4e520000 - 0x00007ffb51d79000 	C:\WINDOWS\System32\DriverStore\FileRepository\ki125012.inf_amd64_c649470266858c0d\igdumdim64.dll
0x00007ffbad770000 - 0x00007ffbad832000 	C:\WINDOWS\System32\OLEAUT32.dll
0x00007ffbade80000 - 0x00007ffbadfd1000 	C:\WINDOWS\System32\ole32.dll
0x00007ffbae1c0000 - 0x00007ffbae60b000 	C:\WINDOWS\System32\SETUPAPI.dll
0x00007ffb89670000 - 0x00007ffb896ba000 	C:\Program Files\Java\jre-10.0.1\bin\glass.dll
0x00007ffbad4b0000 - 0x00007ffbad59d000 	C:\WINDOWS\System32\COMDLG32.dll
0x00007ffbafa50000 - 0x00007ffbafbc3000 	C:\WINDOWS\System32\MSCTF.dll
0x00007ffba2300000 - 0x00007ffba3902000 	C:\WINDOWS\System32\DriverStore\FileRepository\ki125012.inf_amd64_c649470266858c0d\igc64.dll
0x00007ffb89270000 - 0x00007ffb8928a000 	C:\Program Files\Java\jre-10.0.1\bin\net.dll
0x00007ffb9fa30000 - 0x00007ffb9fb0d000 	C:\WINDOWS\SYSTEM32\WINHTTP.dll
0x00007ffbabb80000 - 0x00007ffbabbe6000 	C:\WINDOWS\system32\mswsock.dll
0x00007ffb7ab20000 - 0x00007ffb7ab31000 	C:\Program Files\Java\jre-10.0.1\bin\nio.dll
0x00007ffb8a250000 - 0x00007ffb8a264000 	C:\Program Files\Java\jre-10.0.1\bin\javafx_font.dll
0x00007ffb63ae0000 - 0x00007ffb63c7b000 	C:\Program Files\Java\jre-10.0.1\bin\awt.dll
0x00007ffba8fc0000 - 0x00007ffba9587000 	C:\WINDOWS\SYSTEM32\d2d1.dll
0x00007ffba9c40000 - 0x00007ffba9ccb000 	C:\WINDOWS\SYSTEM32\apphelp.dll
0x00007ffb899a0000 - 0x00007ffb89a05000 	C:\Program Files\Java\jre-10.0.1\bin\fontmanager.dll
0x00007ffb94980000 - 0x00007ffb94c9c000 	C:\WINDOWS\SYSTEM32\dwrite.dll
0x00007ffb89800000 - 0x00007ffb89823000 	C:\Program Files\Java\jre-10.0.1\bin\javafx_iio.dll
0x00007ffbaff20000 - 0x00007ffbaffc0000 	C:\WINDOWS\System32\clbcatq.dll
0x00007ffba5610000 - 0x00007ffba57be000 	C:\WINDOWS\SYSTEM32\WindowsCodecs.dll
0x00007ffb95040000 - 0x00007ffb95098000 	C:\WINDOWS\system32\dataexchange.dll
0x00007ffba87e0000 - 0x00007ffba8aeb000 	C:\WINDOWS\system32\d3d11.dll
0x00007ffba9590000 - 0x00007ffba972c000 	C:\WINDOWS\system32\dcomp.dll
0x00007ffbab0c0000 - 0x00007ffbab17b000 	C:\WINDOWS\system32\dxgi.dll
0x00007ffbaa6c0000 - 0x00007ffbaa878000 	C:\WINDOWS\system32\twinapi.appcore.dll
0x00007ffbaa690000 - 0x00007ffbaa6b1000 	C:\WINDOWS\system32\RMCLIENT.dll
0x00007ffb8a290000 - 0x00007ffb8a2c4000 	C:\Program Files\Common Files\Microsoft Shared\Ink\rtscom.dll
0x00007ffb98600000 - 0x00007ffb98696000 	C:\WINDOWS\System32\TextInputFramework.dll
0x00007ffba50a0000 - 0x00007ffba53be000 	C:\WINDOWS\System32\CoreUIComponents.dll
0x00007ffba9a70000 - 0x00007ffba9b4a000 	C:\WINDOWS\System32\CoreMessaging.dll
0x00007ffba7d90000 - 0x00007ffba7edd000 	C:\WINDOWS\SYSTEM32\wintypes.dll
0x00007ffbab3f0000 - 0x00007ffbab421000 	C:\WINDOWS\SYSTEM32\ntmarta.dll
0x00007ffba19e0000 - 0x00007ffba1a4b000 	C:\WINDOWS\system32\Oleacc.dll

dbghelp: loaded successfully - version: 4.0.5 - missing functions: none
symbol engine: initialized successfully - sym options: 0x614 - pdb path: .;C:\Program Files\Java\jre-10.0.1\bin;C:\WINDOWS\SYSTEM32;C:\WINDOWS\WinSxS\amd64_microsoft.windows.common-controls_6595b64144ccf1df_6.0.17134.523_none_fb409dd930672a56;C:\Program Files\Java\jre-10.0.1\bin\server;C:\WINDOWS\System32\DriverStore\FileRepository\ki125012.inf_amd64_c649470266858c0d;C:\Program Files\Common Files\Microsoft Shared\Ink

VM Arguments:
jvm_args: -Dfile.encoding=Cp1252 
java_command: application.Main
java_class_path (initial): C:\Users\jiaju\Downloads\HealthApp\HealthApp\bin;E:\Year 1 Sem 2\Object Oriented Programming\Project\External Libary\hamcrest-core-1.3.jar;E:\Year 1 Sem 2\Object Oriented Programming\Project\External Libary\mapdb-1.0.9.jar;E:\Year 1 Sem 2\Object Oriented Programming\Project\Compilation\Justin\jfoenix-8.0.8.jar
Launcher Type: SUN_STANDARD

Logging:
Log output configuration:
#0: stdout all=warning uptime,level,tags
#1: stderr all=off uptime,level,tags

Environment Variables:
PATH=C:\Program Files (x86)\Common Files\Oracle\Java\javapath;C:\Program Files (x86)\Intel\iCLS Client\;C:\Program Files\Intel\iCLS Client\;C:\windows\system32;C:\windows;C:\windows\System32\Wbem;C:\windows\System32\WindowsPowerShell\v1.0\;C:\Program Files (x86)\Intel\Intel(R) Management Engine Components\DAL;C:\Program Files\Intel\Intel(R) Management Engine Components\DAL;C:\Program Files (x86)\Intel\Intel(R) Management Engine Components\IPT;C:\Program Files\Intel\Intel(R) Management Engine Components\IPT;C:\Program Files (x86)\NVIDIA Corporation\PhysX\Common;C:\Program Files\Intel\WiFi\bin\;C:\Program Files\Common Files\Intel\WirelessCommon\;%SystemRoot%\system32;%SystemRoot%;%SystemRoot%\System32\Wbem;%SYSTEMROOT%\System32\WindowsPowerShell\v1.0\;%SYSTEMROOT%\System32\OpenSSH\;C:\Users\jiaju\AppData\Local\Microsoft\WindowsApps;
USERNAME=jiaju
OS=Windows_NT
PROCESSOR_IDENTIFIER=Intel64 Family 6 Model 142 Stepping 10, GenuineIntel



---------------  S Y S T E M  ---------------

OS: Windows 10 , 64 bit Build 17134 (10.0.17134.1)

CPU:total 8 (initial active 8) (4 cores per cpu, 2 threads per core) family 6 model 142 stepping 10, cmov, cx8, fxsr, mmx, sse, sse2, sse3, ssse3, sse4.1, sse4.2, popcnt, avx, avx2, aes, clmul, erms, 3dnowpref, lzcnt, ht, tsc, tscinvbit, bmi1, bmi2, adx, fma

Memory: 4k page, physical 8259236k(2857436k free), swap 9569956k(2381860k free)

vm_info: Java HotSpot(TM) 64-Bit Server VM (10.0.1+10) for windows-amd64 JRE (10.0.1+10), built on Mar 27 2018 02:27:48 by "mach5one" with MS VC++ 12.0 (VS2013)

END.
